0 silly argv {
0 silly argv   _: [ 'publish' ],
0 silly argv   push: false,
0 silly argv   composed: 'publish',
0 silly argv   lernaVersion: '3.22.1',
0 silly argv   '$0': 'C:\\Users\\imean\\AppData\\Roaming\\npm\\node_modules\\lerna\\cli.js'
0 silly argv }
1 notice cli v3.22.1
2 verbose rootPath D:\Programming\Git\udemy-stephan\codebook
3 verbose session df58af9d8b396555
4 verbose user-agent lerna/3.22.1/node@v18.16.1+x64 (win32)
5 silly argv {
5 silly argv   _: [ 'publish' ],
5 silly argv   push: false,
5 silly argv   composed: 'publish',
5 silly argv   lernaVersion: '3.22.1'
5 silly argv }
6 verbose rootPath D:\Programming\Git\udemy-stephan\codebook
7 info current version 1.0.0
8 silly isAnythingCommitted
9 verbose isAnythingCommitted 1
10 silly currentBranch
11 verbose currentBranch cbook-app
12 silly hasTags
13 verbose hasTags true
14 silly git-describe.sync "v0.0.1-1-gd41c2e8" => {"lastTagName":"v0.0.1","lastVersion":"v0.0.1","refCount":"1","sha":"d41c2e8","isDirty":false}
15 info Looking for changed packages since v0.0.1
16 silly checking diff packages/cli
17 silly found diff in packages/cli/dist/index.js
17 silly found diff in packages/cli/package-lock.json
18 verbose filtered diff [ 'packages/cli/dist/index.js', 'packages/cli/package-lock.json' ]
19 silly checking diff packages/local-api
20 silly no diff found in @cnbook/local-api
21 silly checking diff packages/local-client
22 silly found diff in packages/local-client/package-lock.json
22 silly found diff in packages/local-client/package.json
23 verbose filtered diff [
23 verbose filtered diff   'packages/local-client/package-lock.json',
23 verbose filtered diff   'packages/local-client/package.json'
23 verbose filtered diff ]
24 verbose updated cnbook
25 verbose updated @cnbook/local-api
26 verbose updated @cnbook/local-client
27 verbose git-describe undefined => "v0.0.1-1-gd41c2e8"
28 silly git-describe parsed => {"lastTagName":"v0.0.1","lastVersion":"v0.0.1","refCount":"1","sha":"d41c2e8","isDirty":false}
29 info execute Skipping git push
30 info execute Skipping releases
31 silly lifecycle No script for "preversion" in "root", continuing
32 silly lifecycle No script for "preversion" in "@cnbook/local-client", continuing
33 silly lifecycle No script for "version" in "@cnbook/local-client", continuing
34 silly lifecycle No script for "preversion" in "@cnbook/local-api", continuing
35 silly lifecycle No script for "version" in "@cnbook/local-api", continuing
36 silly lifecycle No script for "preversion" in "cnbook", continuing
37 silly lifecycle No script for "version" in "cnbook", continuing
38 silly lifecycle No script for "version" in "root", continuing
39 silly gitAdd [
39 silly gitAdd   'packages/local-client/package.json',
39 silly gitAdd   'packages/local-client/package-lock.json',
39 silly gitAdd   'packages/local-api/package.json',
39 silly gitAdd   'packages/local-api/package-lock.json',
39 silly gitAdd   'packages/cli/package.json',
39 silly gitAdd   'packages/cli/package-lock.json',
39 silly gitAdd   'lerna.json'
39 silly gitAdd ]
40 silly gitCommit v1.0.1
41 verbose git [ 'commit', '-m', 'v1.0.1' ]
42 silly gitTag v1.0.1
43 verbose git [ 'tag', 'v1.0.1', '-m', 'v1.0.1' ]
44 silly lifecycle No script for "postversion" in "cnbook", continuing
45 silly lifecycle No script for "postversion" in "@cnbook/local-api", continuing
46 silly lifecycle No script for "postversion" in "@cnbook/local-client", continuing
47 silly lifecycle No script for "postversion" in "root", continuing
48 info publish Publishing packages to npm...
49 info Verifying npm credentials
50 verbose Retrieving npm user profile
51 http fetch GET 200 https://registry.npmjs.org/-/npm/v1/user 702ms
52 silly npm profile get received {"tfa":false,"name":"rizvanwdev","email":"rizvanwdev@gmail.com","email_verified":true,"created":"2023-07-31T10:55:22.026Z","updated":"2023-07-31T10:56:05.631Z","cidr_whitelist":null,"fullname":"Rizvan","github":"RizvanGit"}
53 silly get npm username received {"username":"rizvanwdev","tfa":false,"name":"rizvanwdev","email":"rizvanwdev@gmail.com","email_verified":true,"created":"2023-07-31T10:55:22.026Z","updated":"2023-07-31T10:56:05.631Z","cidr_whitelist":null,"fullname":"Rizvan","github":"RizvanGit"}
54 silly verifyNpmPackageAccess
55 http fetch GET 200 https://registry.npmjs.org/-/org/rizvanwdev/package?format=cli 320ms
56 info Checking two-factor auth mode
57 verbose Retrieving npm user profile
58 http fetch GET 200 https://registry.npmjs.org/-/npm/v1/user 325ms
59 silly npm profile get received {"tfa":false,"name":"rizvanwdev","email":"rizvanwdev@gmail.com","email_verified":true,"created":"2023-07-31T10:55:22.026Z","updated":"2023-07-31T10:56:05.631Z","cidr_whitelist":null,"fullname":"Rizvan","github":"RizvanGit"}
60 silly 2FA false
61 warn ENOLICENSE Packages cnbook, @cnbook/local-api, and @cnbook/local-client are missing a license.
61 warn ENOLICENSE One way to fix this is to add a LICENSE.md file to the root of this repository.
61 warn ENOLICENSE See https://choosealicense.com for additional guidance.
62 silly getCurrentSHA
63 verbose getCurrentSHA 2a097664a4ea4fe6f9c2ff2de486885baaf24647
64 silly lifecycle No script for "prepublish" in "root", continuing
65 silly lifecycle No script for "prepare" in "root", continuing
66 silly lifecycle No script for "prepublishOnly" in "root", continuing
67 silly lifecycle No script for "prepack" in "root", continuing
68 verbose pack-directory packages\local-client
69 silly lifecycle No script for "prepublish" in "@cnbook/local-client", continuing
70 silly lifecycle No script for "prepare" in "@cnbook/local-client", continuing
71 silly lifecycle No script for "prepublishOnly" in "@cnbook/local-client", continuing
72 silly lifecycle No script for "prepack" in "@cnbook/local-client", continuing
73 silly lifecycle No script for "postpack" in "@cnbook/local-client", continuing
74 verbose packed packages\local-client
75 verbose pack-directory packages\cli
76 verbose pack-directory packages\local-api
77 silly lifecycle No script for "prepublish" in "cnbook", continuing
78 silly lifecycle No script for "prepublish" in "@cnbook/local-api", continuing
79 silly lifecycle No script for "prepare" in "cnbook", continuing
80 silly lifecycle No script for "prepare" in "@cnbook/local-api", continuing
81 silly lifecycle "prepublishOnly" starting in "cnbook"
82 info lifecycle cnbook@1.0.1~prepublishOnly: cnbook@1.0.1
83 silly lifecycle "prepublishOnly" starting in "@cnbook/local-api"
84 info lifecycle @cnbook/local-api@1.0.1~prepublishOnly: @cnbook/local-api@1.0.1
85 verbose lifecycle cnbook@1.0.1~prepublishOnly: unsafe-perm in lifecycle true
86 verbose lifecycle cnbook@1.0.1~prepublishOnly: PATH: C:\Users\imean\AppData\Roaming\npm\node_modules\lerna\node_modules\npm-lifecycle\node-gyp-bin;D:\Programming\Git\udemy-stephan\codebook\packages\cli\node_modules\.bin;C:\Python311\Scripts\;C:\Python311\;C:\Program Files\Common Files\Oracle\Java\javapath;C:\Windows\system32;C:\Windows;C:\Windows\System32\Wbem;C:\Windows\System32\WindowsPowerShell\v1.0\;C:\Windows\System32\OpenSSH\;C:\Program Files\NVIDIA Corporation\NVIDIA NvDLISR;C:\Program Files (x86)\NVIDIA Corporation\PhysX\Common;C:\ProgramData\chocolatey\bin;C:\Program Files\Git\cmd;%NVM_HOME%;%NVM_SYMLINK%;C:\Program Files\nodejs\;C:\Users\imean\AppData\Local\Microsoft\WindowsApps;C:\Program Files\JetBrains\WebStorm 2023.1.2\bin;;C:\Users\imean\AppData\Local\Programs\Microsoft VS Code\bin;C:\Users\imean\AppData\Local\GitHubDesktop\bin;C:\Users\imean\AppData\Local\Programs\oh-my-posh\bin;C:\Program Files\Neovim\bin;C:\ProgramData\nvm;C:\Program Files\nodejs;C:\Users\imean\AppData\Roaming\npm
87 verbose lifecycle cnbook@1.0.1~prepublishOnly: CWD: D:\Programming\Git\udemy-stephan\codebook\packages\cli
88 silly lifecycle cnbook@1.0.1~prepublishOnly: Args: [
88 silly lifecycle   '/d /s /c',
88 silly lifecycle   `esbuild src/index.ts --platform=node --outfile=dist/index.js --bundle --minify --define:process.env.NODE_ENV="'production'"`
88 silly lifecycle ]
89 silly lifecycle cnbook@1.0.1~prepublishOnly: Returned: code: 0  signal: null
90 verbose lifecycle @cnbook/local-api@1.0.1~prepublishOnly: unsafe-perm in lifecycle true
91 verbose lifecycle @cnbook/local-api@1.0.1~prepublishOnly: PATH: C:\Users\imean\AppData\Roaming\npm\node_modules\lerna\node_modules\npm-lifecycle\node-gyp-bin;D:\Programming\Git\udemy-stephan\codebook\packages\local-api\node_modules\.bin;C:\Python311\Scripts\;C:\Python311\;C:\Program Files\Common Files\Oracle\Java\javapath;C:\Windows\system32;C:\Windows;C:\Windows\System32\Wbem;C:\Windows\System32\WindowsPowerShell\v1.0\;C:\Windows\System32\OpenSSH\;C:\Program Files\NVIDIA Corporation\NVIDIA NvDLISR;C:\Program Files (x86)\NVIDIA Corporation\PhysX\Common;C:\ProgramData\chocolatey\bin;C:\Program Files\Git\cmd;%NVM_HOME%;%NVM_SYMLINK%;C:\Program Files\nodejs\;C:\Users\imean\AppData\Local\Microsoft\WindowsApps;C:\Program Files\JetBrains\WebStorm 2023.1.2\bin;;C:\Users\imean\AppData\Local\Programs\Microsoft VS Code\bin;C:\Users\imean\AppData\Local\GitHubDesktop\bin;C:\Users\imean\AppData\Local\Programs\oh-my-posh\bin;C:\Program Files\Neovim\bin;C:\ProgramData\nvm;C:\Program Files\nodejs;C:\Users\imean\AppData\Roaming\npm
92 verbose lifecycle @cnbook/local-api@1.0.1~prepublishOnly: CWD: D:\Programming\Git\udemy-stephan\codebook\packages\local-api
93 silly lifecycle @cnbook/local-api@1.0.1~prepublishOnly: Args: [ '/d /s /c', 'tsc' ]
94 silly lifecycle "prepublishOnly" finished in "cnbook"
95 silly lifecycle No script for "prepack" in "cnbook", continuing
96 error ZlibError: zlib: unexpected end of file
96 error     at Unzip.write (C:\Users\imean\AppData\Roaming\npm\node_modules\lerna\node_modules\minizlib\index.js:147:22)
96 error     at Unzip.flush (C:\Users\imean\AppData\Roaming\npm\node_modules\lerna\node_modules\minizlib\index.js:98:10)
96 error     at Unzip.end (C:\Users\imean\AppData\Roaming\npm\node_modules\lerna\node_modules\minizlib\index.js:104:10)
96 error     at Parser.end (C:\Users\imean\AppData\Roaming\npm\node_modules\lerna\node_modules\tar\lib\parse.js:421:21)
96 error     at Yallist.<anonymous> (C:\Users\imean\AppData\Roaming\npm\node_modules\lerna\node_modules\minipass\index.js:394:18)
96 error     at Yallist.forEach (C:\Users\imean\AppData\Roaming\npm\node_modules\lerna\node_modules\yallist\yallist.js:156:8)
96 error     at ReadStream.emit (C:\Users\imean\AppData\Roaming\npm\node_modules\lerna\node_modules\minipass\index.js:391:18)
96 error     at ReadStream.emit (C:\Users\imean\AppData\Roaming\npm\node_modules\lerna\node_modules\fs-minipass\index.js:154:22)
96 error     at [maybeEmitEnd] (C:\Users\imean\AppData\Roaming\npm\node_modules\lerna\node_modules\minipass\index.js:355:12)
96 error     at ReadStream.end (C:\Users\imean\AppData\Roaming\npm\node_modules\lerna\node_modules\minipass\index.js:235:27)
96 error     at [_handleChunk] (C:\Users\imean\AppData\Roaming\npm\node_modules\lerna\node_modules\fs-minipass\index.js:136:13)
96 error     at [_onread] (C:\Users\imean\AppData\Roaming\npm\node_modules\lerna\node_modules\fs-minipass\index.js:109:32)
96 error     at C:\Users\imean\AppData\Roaming\npm\node_modules\lerna\node_modules\fs-minipass\index.js:101:22
